0 info it worked if it ends with ok
1 verbose cli [ '/usr/local/Cellar/node/5.10.1/bin/node',
1 verbose cli   '/usr/local/bin/npm',
1 verbose cli   'run',
1 verbose cli   'build' ]
2 info using npm@3.8.6
3 info using node@v5.10.1
4 verbose run-script [ 'prebuild', 'build', 'postbuild' ]
5 info lifecycle Front-Kit@1.0.0~prebuild: Front-Kit@1.0.0
6 silly lifecycle Front-Kit@1.0.0~prebuild: no script for prebuild, continuing
7 info lifecycle Front-Kit@1.0.0~build: Front-Kit@1.0.0
8 verbose lifecycle Front-Kit@1.0.0~build: unsafe-perm in lifecycle true
9 verbose lifecycle Front-Kit@1.0.0~build: PATH: /usr/local/lib/node_modules/npm/bin/node-gyp-bin:/Users/itimohin/Documents/CLOUD_STORAGES/OneDrive/PHPStorm-Projects/co-working/node_modules/.bin:/usr/local/Cellar/node/5.10.1/bin:/Users/itimohin/.rvm/gems/ruby-2.2.2/bin:/Users/itimohin/.rvm/gems/ruby-2.2.2@global/bin:/Users/itimohin/.rvm/rubies/ruby-2.2.2/bin:/usr/local/bin:/usr/bin:/bin:/usr/sbin:/sbin:/opt/X11/bin:/usr/local/sbin:/Users/itimohin/.rvm/bin
10 verbose lifecycle Front-Kit@1.0.0~build: CWD: /Users/itimohin/Documents/CLOUD_STORAGES/OneDrive/PHPStorm-Projects/co-working
11 silly lifecycle Front-Kit@1.0.0~build: Args: [ '-c', 'NODE_ENV = \'development\' gulp build' ]
12 info lifecycle Front-Kit@1.0.0~build: Failed to exec build script
13 verbose stack Error: Front-Kit@1.0.0 build: `NODE_ENV = 'development' gulp build`
13 verbose stack spawn ENOENT
13 verbose stack     at ChildProcess.<anonymous> (/usr/local/lib/node_modules/npm/lib/utils/spawn.js:17:16)
13 verbose stack     at emitTwo (events.js:100:13)
13 verbose stack     at ChildProcess.emit (events.js:185:7)
13 verbose stack     at maybeClose (internal/child_process.js:850:16)
13 verbose stack     at Process.ChildProcess._handle.onexit (internal/child_process.js:215:5)
14 verbose pkgid Front-Kit@1.0.0
15 verbose cwd /Users/itimohin/Documents/CLOUD_STORAGES/OneDrive/PHPStorm-Projects/co-working
16 error Darwin 15.0.0
17 error argv "/usr/local/Cellar/node/5.10.1/bin/node" "/usr/local/bin/npm" "run" "build"
18 error node v5.10.1
19 error npm  v3.8.6
20 error file sh
21 error code ELIFECYCLE
22 error errno ENOENT
23 error syscall spawn
24 error Front-Kit@1.0.0 build: `NODE_ENV = 'development' gulp build`
24 error spawn ENOENT
25 error Failed at the Front-Kit@1.0.0 build script 'NODE_ENV = 'development' gulp build'.
25 error Make sure you have the latest version of node.js and npm installed.
25 error If you do, this is most likely a problem with the Front-Kit package,
25 error not with npm itself.
25 error Tell the author that this fails on your system:
25 error     NODE_ENV = 'development' gulp build
25 error You can get information on how to open an issue for this project with:
25 error     npm bugs Front-Kit
25 error Or if that isn't available, you can get their info via:
25 error     npm owner ls Front-Kit
25 error There is likely additional logging output above.
26 verbose exit [ 1, true ]
